This file contains any messages produced by compilers while
running configure, to aid debugging if configure makes a mistake.

It was created by configure, which was
generated by GNU Autoconf 2.69.  Invocation command line was

  $ ./configure --with-replace=/home/tim/src/RePlAce/src

## --------- ##
## Platform. ##
## --------- ##

hostname = stravinsky
uname -m = x86_64
uname -r = 4.1.13-100.fc21.x86_64
uname -s = Linux
uname -v = #1 SMP Tue Nov 10 13:13:20 UTC 2015

/usr/bin/uname -p = x86_64
/bin/uname -X     = unknown

/bin/arch              = x86_64
/usr/bin/arch -k       = unknown
/usr/convex/getsysinfo = unknown
/usr/bin/hostinfo      = unknown
/bin/machine           = unknown
/usr/bin/oslevel       = unknown
/bin/universe          = unknown

PATH: .
PATH: /bin
PATH: /sbin
PATH: /usr/bin
PATH: /usr/sbin
PATH: /usr/local/bin


## ----------- ##
## Core tests. ##
## ----------- ##

configure:2037: checking build system type
configure:2051: result: x86_64-unknown-linux-gnu
configure:2071: checking host system type
configure:2084: result: x86_64-unknown-linux-gnu
configure:2172: checking for gcc
configure:2188: found /bin/gcc
configure:2199: result: gcc
configure:2428: checking for C compiler version
configure:2437: gcc --version >&5
gcc (GCC) 4.9.2 20150212 (Red Hat 4.9.2-6)
Copyright (C) 2014 Free Software Foundation, Inc.
This is free software; see the source for copying conditions.  There is NO
warranty; not even for MERCHANTABILITY or FITNESS FOR A PARTICULAR PURPOSE.

configure:2448: $? = 0
configure:2437: gcc -v >&5
Using built-in specs.
COLLECT_GCC=gcc
COLLECT_LTO_WRAPPER=/usr/libexec/gcc/x86_64-redhat-linux/4.9.2/lto-wrapper
Target: x86_64-redhat-linux
Configured with: ../configure --prefix=/usr --mandir=/usr/share/man --infodir=/usr/share/info --with-bugurl=http://bugzilla.redhat.com/bugzilla --enable-bootstrap --enable-shared --enable-threads=posix --enable-checking=release --enable-multilib --with-system-zlib --enable-__cxa_atexit --disable-libunwind-exceptions --enable-gnu-unique-object --enable-linker-build-id --with-linker-hash-style=gnu --enable-languages=c,c++,objc,obj-c++,fortran,ada,go,lto --enable-plugin --enable-initfini-array --disable-libgcj --with-isl=/builddir/build/BUILD/gcc-4.9.2-20150212/obj-x86_64-redhat-linux/isl-install --with-cloog=/builddir/build/BUILD/gcc-4.9.2-20150212/obj-x86_64-redhat-linux/cloog-install --enable-gnu-indirect-function --with-tune=generic --with-arch_32=i686 --build=x86_64-redhat-linux
Thread model: posix
gcc version 4.9.2 20150212 (Red Hat 4.9.2-6) (GCC) 
configure:2448: $? = 0
configure:2437: gcc -V >&5
gcc: error: unrecognized command line option '-V'
gcc: fatal error: no input files
compilation terminated.
configure:2448: $? = 4
configure:2437: gcc -qversion >&5
gcc: error: unrecognized command line option '-qversion'
gcc: fatal error: no input files
compilation terminated.
configure:2448: $? = 4
configure:2468: checking whether the C compiler works
configure:2490: gcc    conftest.c  >&5
configure:2494: $? = 0
configure:2542: result: yes
configure:2545: checking for C compiler default output file name
configure:2547: result: a.out
configure:2553: checking for suffix of executables
configure:2560: gcc -o conftest    conftest.c  >&5
configure:2564: $? = 0
configure:2586: result: 
configure:2608: checking whether we are cross compiling
configure:2616: gcc -o conftest    conftest.c  >&5
configure:2620: $? = 0
configure:2627: ./conftest
configure:2631: $? = 0
configure:2646: result: no
configure:2651: checking for suffix of object files
configure:2673: gcc -c   conftest.c >&5
configure:2677: $? = 0
configure:2698: result: o
configure:2702: checking whether we are using the GNU C compiler
configure:2721: gcc -c   conftest.c >&5
configure:2721: $? = 0
configure:2730: result: yes
configure:2739: checking whether gcc accepts -g
configure:2759: gcc -c -g  conftest.c >&5
configure:2759: $? = 0
configure:2800: result: yes
configure:2817: checking for gcc option to accept ISO C89
configure:2880: gcc  -c -g -O2  conftest.c >&5
configure:2880: $? = 0
configure:2893: result: none needed
configure:2918: checking how to run the C preprocessor
configure:2949: gcc -E  conftest.c
configure:2949: $? = 0
configure:2963: gcc -E  conftest.c
conftest.c:9:28: fatal error: ac_nonexistent.h: No such file or directory
 #include <ac_nonexistent.h>
                            ^
compilation terminated.
configure:2963: $? = 1
configure: failed program was:
| /* confdefs.h */
| #define PACKAGE_NAME ""
| #define PACKAGE_TARNAME ""
| #define PACKAGE_VERSION ""
| #define PACKAGE_STRING ""
| #define PACKAGE_BUGREPORT ""
| #define PACKAGE_URL ""
| /* end confdefs.h.  */
| #include <ac_nonexistent.h>
configure:2988: result: gcc -E
configure:3008: gcc -E  conftest.c
configure:3008: $? = 0
configure:3022: gcc -E  conftest.c
conftest.c:9:28: fatal error: ac_nonexistent.h: No such file or directory
 #include <ac_nonexistent.h>
                            ^
compilation terminated.
configure:3022: $? = 1
configure: failed program was:
| /* confdefs.h */
| #define PACKAGE_NAME ""
| #define PACKAGE_TARNAME ""
| #define PACKAGE_VERSION ""
| #define PACKAGE_STRING ""
| #define PACKAGE_BUGREPORT ""
| #define PACKAGE_URL ""
| /* end confdefs.h.  */
| #include <ac_nonexistent.h>
configure:3051: checking for library containing strerror
configure:3082: gcc -o conftest -g -O2   conftest.c  >&5
configure:3082: $? = 0
configure:3099: result: none required
configure:3124: checking for a BSD-compatible install
configure:3192: result: /bin/install -c
configure:3246: checking for ranlib
configure:3262: found /bin/ranlib
configure:3273: result: ranlib
configure:3297: checking for autoconf
configure:3313: found /bin/autoconf
configure:3325: result: autoconf
configure:3335: checking for cp
configure:3351: found /bin/cp
configure:3363: result: cp
configure:3373: checking for rm
configure:3389: found /bin/rm
configure:3401: result: rm
configure:3411: checking for python3
configure:3427: found /bin/python3
configure:3439: result: yes
configure:3455: checking for grep that handles long lines and -e
configure:3513: result: /bin/grep
configure:3518: checking for egrep
configure:3580: result: /bin/grep -E
configure:3585: checking for ANSI C header files
configure:3605: gcc -c -g -O2  conftest.c >&5
configure:3605: $? = 0
configure:3678: gcc -o conftest -g -O2   conftest.c  >&5
configure:3678: $? = 0
configure:3678: ./conftest
configure:3678: $? = 0
configure:3689: result: yes
configure:3700: checking for setenv
configure:3700: gcc -o conftest -g -O2   conftest.c  >&5
configure:3700: $? = 0
configure:3700: result: yes
configure:3700: checking for putenv
configure:3700: gcc -o conftest -g -O2   conftest.c  >&5
configure:3700: $? = 0
configure:3700: result: yes
configure:3712: checking for env
configure:3730: found /bin/env
configure:3743: result: /bin/env
configure:3814: checking for tclsh
configure:3832: found /bin/tclsh
configure:3845: result: /bin/tclsh
configure:3918: checking for magic
configure:3936: found /usr/local/bin/magic
configure:3948: result: /usr/local/bin/magic
configure:4021: checking for netgen
configure:4039: found /usr/local/bin/netgen
configure:4051: result: /usr/local/bin/netgen
configure:4124: checking for qrouter
configure:4142: found /usr/local/bin/qrouter
configure:4154: result: /usr/local/bin/qrouter
configure:4227: checking for graywolf
configure:4245: found /usr/local/bin/graywolf
configure:4257: result: /usr/local/bin/graywolf
configure:4330: checking for yosys
configure:4348: found /usr/local/bin/yosys
configure:4360: result: /usr/local/bin/yosys
configure:4433: checking for ot-shell
configure:4466: result: no
configure:4536: checking for sta
configure:4554: found /usr/local/bin/sta
configure:4566: result: /usr/local/bin/sta
configure:4596: checking for RePlAce
configure:4614: found /home/tim/src/RePlAce/src/RePlAce
configure:4626: result: /home/tim/src/RePlAce/src/RePlAce
configure:4947: creating ./config.status

## ---------------------- ##
## Running config.status. ##
## ---------------------- ##

This file was extended by config.status, which was
generated by GNU Autoconf 2.69.  Invocation command line was

  CONFIG_FILES    = 
  CONFIG_HEADERS  = 
  CONFIG_LINKS    = 
  CONFIG_COMMANDS = 
  $ ./config.status 

on stravinsky

config.status:773: creating Makefile
config.status:773: creating scripts/Makefile
config.status:773: creating src/Makefile
config.status:773: creating tech/Makefile
config.status:773: creating tech/osu050/Makefile
config.status:773: creating tech/osu035/Makefile
config.status:773: creating tech/osu018/Makefile
config.status:773: creating tech/gscl45nm/Makefile

## ---------------- ##
## Cache variables. ##
## ---------------- ##

ac_cv_build=x86_64-unknown-linux-gnu
ac_cv_c_compiler_gnu=yes
ac_cv_env_CC_set=
ac_cv_env_CC_value=
ac_cv_env_CFLAGS_set=
ac_cv_env_CFLAGS_value=
ac_cv_env_CPPFLAGS_set=
ac_cv_env_CPPFLAGS_value=
ac_cv_env_CPP_set=
ac_cv_env_CPP_value=
ac_cv_env_LDFLAGS_set=
ac_cv_env_LDFLAGS_value=
ac_cv_env_LIBS_set=
ac_cv_env_LIBS_value=
ac_cv_env_build_alias_set=
ac_cv_env_build_alias_value=
ac_cv_env_host_alias_set=
ac_cv_env_host_alias_value=
ac_cv_env_target_alias_set=
ac_cv_env_target_alias_value=
ac_cv_func_putenv=yes
ac_cv_func_setenv=yes
ac_cv_header_stdc=yes
ac_cv_host=x86_64-unknown-linux-gnu
ac_cv_objext=o
ac_cv_path_EGREP='/bin/grep -E'
ac_cv_path_ENV_PATH=/bin/env
ac_cv_path_GREP=/bin/grep
ac_cv_path_QFLOW_GRAYWOLF_PATH=/usr/local/bin/graywolf
ac_cv_path_QFLOW_MAGIC_PATH=/usr/local/bin/magic
ac_cv_path_QFLOW_NETGEN_PATH=/usr/local/bin/netgen
ac_cv_path_QFLOW_OPENSTA_PATH=/usr/local/bin/sta
ac_cv_path_QFLOW_QROUTER_PATH=/usr/local/bin/qrouter
ac_cv_path_QFLOW_REPLACE_PATH=/home/tim/src/RePlAce/src/RePlAce
ac_cv_path_QFLOW_YOSYS_PATH=/usr/local/bin/yosys
ac_cv_path_TCLSH_PATH=/bin/tclsh
ac_cv_path_install='/bin/install -c'
ac_cv_prog_AUTOCONF=autoconf
ac_cv_prog_CP=cp
ac_cv_prog_CPP='gcc -E'
ac_cv_prog_HAVE_PYTHON3=yes
ac_cv_prog_RM=rm
ac_cv_prog_ac_ct_CC=gcc
ac_cv_prog_ac_ct_RANLIB=ranlib
ac_cv_prog_cc_c89=
ac_cv_prog_cc_g=yes
ac_cv_search_strerror='none required'

## ----------------- ##
## Output variables. ##
## ----------------- ##

AUTOCONF='autoconf'
CC='gcc'
CFLAGS='-g -O2'
CP='cp'
CPP='gcc -E'
CPPFLAGS=''
DEFS='-DPACKAGE_NAME=\"\" -DPACKAGE_TARNAME=\"\" -DPACKAGE_VERSION=\"\" -DPACKAGE_STRING=\"\" -DPACKAGE_BUGREPORT=\"\" -DPACKAGE_URL=\"\" -DSTDC_HEADERS=1 -DHAVE_SETENV=1 -DHAVE_PUTENV=1 -DTCLSH_PATH=\"/bin/tclsh\" -DQFLOW_MAGIC_PATH=\"/usr/local/bin/magic\" -DQFLOW_NETGEN_PATH=\"/usr/local/bin/netgen\" -DQFLOW_QROUTER_PATH=\"/usr/local/bin/qrouter\" -DQFLOW_GRAYWOLF_PATH=\"/usr/local/bin/graywolf\" -DQFLOW_YOSYS_PATH=\"/usr/local/bin/yosys\" -DQFLOW_OPENTIMER_PATH=\"\" -DQFLOW_OPENSTA_PATH=\"/usr/local/bin/sta\" -DQFLOW_REPLACE_PATH=\"/home/tim/src/RePlAce/src/RePlAce\" -DQFLOW_NTUPLACE_PATH=\"/home/tim/src/RePlAce/src/RePlAce/../ntuplace/ntuplace\"'
ECHO_C=''
ECHO_N='-n'
ECHO_T=''
EGREP='/bin/grep -E'
ENV_PATH='/bin/env'
EXEEXT=''
GREP='/bin/grep'
HAVE_GRAYWOLF='1'
HAVE_MAGIC='1'
HAVE_NETGEN='1'
HAVE_OPENSTA='1'
HAVE_OPENTIMER='0'
HAVE_PYTHON3='yes'
HAVE_QROUTER='1'
HAVE_REPLACE='1'
HAVE_YOSYS='1'
INSTALL_DATA='${INSTALL} -m 644'
INSTALL_PROGRAM='${INSTALL}'
INSTALL_SCRIPT='${INSTALL}'
LD=''
LDFLAGS=''
LIBOBJS=''
LIBS=''
LTLIBOBJS=''
OBJEXT='o'
PACKAGE_BUGREPORT=''
PACKAGE_NAME=''
PACKAGE_STRING=''
PACKAGE_TARNAME=''
PACKAGE_URL=''
PACKAGE_VERSION=''
PATH_SEPARATOR=':'
QFLOW_BIN_DIR='/usr/local/bin'
QFLOW_GRAYWOLF_PATH='/usr/local/bin/graywolf'
QFLOW_LIB_DIR='/usr/local/share/qflow'
QFLOW_MAGIC_PATH='/usr/local/bin/magic'
QFLOW_NETGEN_PATH='/usr/local/bin/netgen'
QFLOW_OPENSTA_PATH='/usr/local/bin/sta'
QFLOW_OPENTIMER_PATH=''
QFLOW_QROUTER_PATH='/usr/local/bin/qrouter'
QFLOW_REPLACE_PATH='/home/tim/src/RePlAce/src/RePlAce'
QFLOW_YOSYS_PATH='/usr/local/bin/yosys'
RANLIB='ranlib'
REVISION='0'
RM='rm'
SHELL='/bin/sh'
STDLIBS=''
TCLSH_PATH='/bin/tclsh'
VERSION='1.4'
ac_ct_CC='gcc'
bindir='${exec_prefix}/bin'
build='x86_64-unknown-linux-gnu'
build_alias=''
build_cpu='x86_64'
build_os='linux-gnu'
build_vendor='unknown'
datadir='${datarootdir}'
datarootdir='${prefix}/share'
docdir='${datarootdir}/doc/${PACKAGE}'
dvidir='${docdir}'
exec_prefix='${prefix}'
host='x86_64-unknown-linux-gnu'
host_alias=''
host_cpu='x86_64'
host_os='linux-gnu'
host_vendor='unknown'
htmldir='${docdir}'
includedir='${prefix}/include'
infodir='${datarootdir}/info'
libdir='${exec_prefix}/lib'
libexecdir='${exec_prefix}/libexec'
localedir='${datarootdir}/locale'
localstatedir='${prefix}/var'
mandir='${datarootdir}/man'
oldincludedir='/usr/include'
pdfdir='${docdir}'
prefix='/usr/local'
program_transform_name='s,x,x,'
psdir='${docdir}'
sbindir='${exec_prefix}/sbin'
sharedstatedir='${prefix}/com'
sysconfdir='${prefix}/etc'
target_alias=''

## ----------- ##
## confdefs.h. ##
## ----------- ##

/* confdefs.h */
#define PACKAGE_NAME ""
#define PACKAGE_TARNAME ""
#define PACKAGE_VERSION ""
#define PACKAGE_STRING ""
#define PACKAGE_BUGREPORT ""
#define PACKAGE_URL ""
#define STDC_HEADERS 1
#define HAVE_SETENV 1
#define HAVE_PUTENV 1
#define TCLSH_PATH "/bin/tclsh"
#define QFLOW_MAGIC_PATH "/usr/local/bin/magic"
#define QFLOW_NETGEN_PATH "/usr/local/bin/netgen"
#define QFLOW_QROUTER_PATH "/usr/local/bin/qrouter"
#define QFLOW_GRAYWOLF_PATH "/usr/local/bin/graywolf"
#define QFLOW_YOSYS_PATH "/usr/local/bin/yosys"
#define QFLOW_OPENTIMER_PATH ""
#define QFLOW_OPENSTA_PATH "/usr/local/bin/sta"
#define QFLOW_REPLACE_PATH "/home/tim/src/RePlAce/src/RePlAce"
#define QFLOW_NTUPLACE_PATH "/home/tim/src/RePlAce/src/RePlAce/../ntuplace/ntuplace"

configure: exit 0
